<?xml version="1.0" encoding="UTF-8"?>
<testsuite xmlns:xsi="http://www.w3.org/2001/XMLSchema-instance" xsi:noNamespaceSchemaLocation="https://maven.apache.org/surefire/maven-surefire-plugin/xsd/surefire-test-report.xsd" version="3.0.2" name="com.menteMaestra.backend.BackendApplicationTests" time="3.312" tests="1" errors="0" skipped="0" failures="0">
  <properties>
[...]
</properties>
  <testcase name="contextLoads" classname="com.menteMaestra.backend.BackendApplicationTests" time="0.455">
    <system-out><![CDATA[18:23:02.808 [main] INFO org.springframework.test.context.support.AnnotationConfigContextLoaderUtils -- Could not detect default configuration classes for test class [com.menteMaestra.backend.BackendApplicationTests]: BackendApplicationTests does not declare any static, non-private, non-final, nested classes annotated with @Configuration.
18:23:02.902 [main] INFO org.springframework.boot.test.context.SpringBootTestContextBootstrapper -- Found @SpringBootConfiguration com.menteMaestra.backend.MenteMaestraApplication for test class com.menteMaestra.backend.BackendApplicationTests

  .   ____          _            __ _ _
 /\\ / ___'_ __ _ _(_)_ __  __ _ \ \ \ \
( ( )\___ | '_ | '_| | '_ \/ _` | \ \ \ \
 \\/  ___)| |_)| | | | | || (_| |  ) ) ) )
  '  |____| .__|_| |_|_| |_\__, | / / / /
 =========|_|==============|___/=/_/_/_/

 :: Spring Boot ::       (v4.0.0-SNAPSHOT)

2025-07-09T18:23:03.190-05:00  INFO 38408 --- [backend] [           main] c.m.backend.BackendApplicationTests      : Starting BackendApplicationTests using Java 21.0.3 with PID 38408 (started by Nicolás in F:\Universidad\Intersemestral 2025-i\ARSW\ARSW_BackendProyecto\backend)
2025-07-09T18:23:03.192-05:00  INFO 38408 --- [backend] [           main] c.m.backend.BackendApplicationTests      : No active profile set, falling back to 1 default profile: "default"
2025-07-09T18:23:03.637-05:00  INFO 38408 --- [backend] [           main] .s.d.r.c.RepositoryConfigurationDelegate : Bootstrapping Spring Data MongoDB repositories in DEFAULT mode.
2025-07-09T18:23:03.687-05:00  INFO 38408 --- [backend] [           main] .s.d.r.c.RepositoryConfigurationDelegate : Finished Spring Data repository scanning in 43 ms. Found 1 MongoDB repository interface.
2025-07-09T18:23:04.012-05:00  INFO 38408 --- [backend] [dxb.mongodb.net] org.mongodb.driver.cluster               : Adding discovered server ac-ognysg5-shard-00-00.lbdodxb.mongodb.net:27017 to client view of cluster
2025-07-09T18:23:04.034-05:00  INFO 38408 --- [backend] [           main] org.mongodb.driver.client                : MongoClient with metadata {"application": {"name": "Cluster0"}, "driver": {"name": "mongo-java-driver|sync|spring-boot", "version": "5.5.1"}, "os": {"type": "Windows", "name": "Windows 11", "architecture": "amd64", "version": "10.0"}, "platform": "Java/Oracle Corporation/21.0.3+7-LTS-152"} created with settings MongoClientSettings{readPreference=primary, writeConcern=WriteConcern{w=majority, wTimeout=null ms, journal=null}, retryWrites=true, retryReads=true, readConcern=ReadConcern{level=null}, credential=MongoCredential{mechanism=null, userName='nicolas', source='admin', password=<hidden>, mechanismProperties=<hidden>}, transportSettings=null, commandListeners=[], codecRegistry=ProvidersCodecRegistry{codecProviders=[ValueCodecProvider{}, BsonValueCodecProvider{}, DBRefCodecProvider{}, DBObjectCodecProvider{}, DocumentCodecProvider{}, CollectionCodecProvider{}, IterableCodecProvider{}, MapCodecProvider{}, GeoJsonCodecProvider{}, GridFSFileCodecProvider{}, Jsr310CodecProvider{}, JsonObjectCodecProvider{}, BsonCodecProvider{}, EnumCodecProvider{}, com.mongodb.client.model.mql.ExpressionCodecProvider@5d318e91, com.mongodb.Jep395RecordCodecProvider@298b64f7, com.mongodb.KotlinCodecProvider@740b6628]}, loggerSettings=LoggerSettings{maxDocumentLength=1000}, clusterSettings={hosts=[127.0.0.1:27017], srvHost=cluster0.lbdodxb.mongodb.net, srvServiceName=mongodb, mode=MULTIPLE, requiredClusterType=REPLICA_SET, requiredReplicaSetName='atlas-eapwlh-shard-0', serverSelector='null', clusterListeners='[]', serverSelectionTimeout='30000 ms', localThreshold='15 ms'}, socketSettings=SocketSettings{connectTimeoutMS=10000, readTimeoutMS=0, receiveBufferSize=0, proxySettings=ProxySettings{host=null, port=null, username=null, password=null}}, heartbeatSocketSettings=SocketSettings{connectTimeoutMS=10000, readTimeoutMS=10000, receiveBufferSize=0, proxySettings=ProxySettings{host=null, port=null, username=null, password=null}}, connectionPoolSettings=ConnectionPoolSettings{maxSize=100, minSize=0, maxWaitTimeMS=120000, maxConnectionLifeTimeMS=0, maxConnectionIdleTimeMS=0, maintenanceInitialDelayMS=0, maintenanceFrequencyMS=60000, connectionPoolListeners=[], maxConnecting=2}, serverSettings=ServerSettings{heartbeatFrequencyMS=10000, minHeartbeatFrequencyMS=500, serverMonitoringMode=AUTO, serverListeners='[]', serverMonitorListeners='[]'}, sslSettings=SslSettings{enabled=true, invalidHostNameAllowed=false, context=null}, applicationName='Cluster0', compressorList=[], uuidRepresentation=JAVA_LEGACY, serverApi=null, autoEncryptionSettings=null, dnsClient=null, inetAddressResolver=null, contextProvider=null, timeoutMS=null}
2025-07-09T18:23:04.039-05:00  INFO 38408 --- [backend] [dxb.mongodb.net] org.mongodb.driver.cluster               : Adding discovered server ac-ognysg5-shard-00-01.lbdodxb.mongodb.net:27017 to client view of cluster
2025-07-09T18:23:04.041-05:00  INFO 38408 --- [backend] [dxb.mongodb.net] org.mongodb.driver.cluster               : Adding discovered server ac-ognysg5-shard-00-02.lbdodxb.mongodb.net:27017 to client view of cluster
2025-07-09T18:23:04.694-05:00  INFO 38408 --- [backend] [ngodb.net:27017] org.mongodb.driver.cluster               : Monitor thread successfully connected to server with description ServerDescription{address=ac-ognysg5-shard-00-02.lbdodxb.mongodb.net:27017, type=REPLICA_SET_PRIMARY, cryptd=false, state=CONNECTED, ok=true, minWireVersion=0, maxWireVersion=25, maxDocumentSize=16777216, logicalSessionTimeoutMinutes=30, roundTripTimeNanos=425475700, minRoundTripTimeNanos=0, setName='atlas-eapwlh-shard-0', canonicalAddress=ac-ognysg5-shard-00-02.lbdodxb.mongodb.net:27017, hosts=[ac-ognysg5-shard-00-02.lbdodxb.mongodb.net:27017, ac-ognysg5-shard-00-01.lbdodxb.mongodb.net:27017, ac-ognysg5-shard-00-00.lbdodxb.mongodb.net:27017], passives=[], arbiters=[], primary='ac-ognysg5-shard-00-02.lbdodxb.mongodb.net:27017', tagSet=TagSet{[Tag{name='availabilityZone', value='use1-az2'}, Tag{name='diskState', value='READY'}, Tag{name='nodeType', value='ELECTABLE'}, Tag{name='provider', value='AWS'}, Tag{name='region', value='US_EAST_1'}, Tag{name='workloadType', value='OPERATIONAL'}]}, electionId=7fffffff00000000000001aa, setVersion=164, topologyVersion=TopologyVersion{processId=68643497411691089caedf14, counter=6}, lastWriteDate=Wed Jul 09 18:23:06 COT 2025, lastUpdateTimeNanos=23937948707300}
2025-07-09T18:23:04.694-05:00  INFO 38408 --- [backend] [ngodb.net:27017] org.mongodb.driver.cluster               : Monitor thread successfully connected to server with description ServerDescription{address=ac-ognysg5-shard-00-00.lbdodxb.mongodb.net:27017, type=REPLICA_SET_SECONDARY, cryptd=false, state=CONNECTED, ok=true, minWireVersion=0, maxWireVersion=25, maxDocumentSize=16777216, logicalSessionTimeoutMinutes=30, roundTripTimeNanos=424480700, minRoundTripTimeNanos=0, setName='atlas-eapwlh-shard-0', canonicalAddress=ac-ognysg5-shard-00-00.lbdodxb.mongodb.net:27017, hosts=[ac-ognysg5-shard-00-02.lbdodxb.mongodb.net:27017, ac-ognysg5-shard-00-01.lbdodxb.mongodb.net:27017, ac-ognysg5-shard-00-00.lbdodxb.mongodb.net:27017], passives=[], arbiters=[], primary='ac-ognysg5-shard-00-02.lbdodxb.mongodb.net:27017', tagSet=TagSet{[Tag{name='availabilityZone', value='use1-az6'}, Tag{name='diskState', value='READY'}, Tag{name='nodeType', value='ELECTABLE'}, Tag{name='provider', value='AWS'}, Tag{name='region', value='US_EAST_1'}, Tag{name='workloadType', value='OPERATIONAL'}]}, electionId=null, setVersion=164, topologyVersion=TopologyVersion{processId=6864328abdee90fc7900fff0, counter=4}, lastWriteDate=Wed Jul 09 18:23:06 COT 2025, lastUpdateTimeNanos=23937948707300}
2025-07-09T18:23:04.694-05:00  INFO 38408 --- [backend] [ngodb.net:27017] org.mongodb.driver.cluster               : Monitor thread successfully connected to server with description ServerDescription{address=ac-ognysg5-shard-00-01.lbdodxb.mongodb.net:27017, type=REPLICA_SET_SECONDARY, cryptd=false, state=CONNECTED, ok=true, minWireVersion=0, maxWireVersion=25, maxDocumentSize=16777216, logicalSessionTimeoutMinutes=30, roundTripTimeNanos=425239100, minRoundTripTimeNanos=0, setName='atlas-eapwlh-shard-0', canonicalAddress=ac-ognysg5-shard-00-01.lbdodxb.mongodb.net:27017, hosts=[ac-ognysg5-shard-00-02.lbdodxb.mongodb.net:27017, ac-ognysg5-shard-00-01.lbdodxb.mongodb.net:27017, ac-ognysg5-shard-00-00.lbdodxb.mongodb.net:27017], passives=[], arbiters=[], primary='ac-ognysg5-shard-00-02.lbdodxb.mongodb.net:27017', tagSet=TagSet{[Tag{name='availabilityZone', value='use1-az1'}, Tag{name='diskState', value='READY'}, Tag{name='nodeType', value='ELECTABLE'}, Tag{name='provider', value='AWS'}, Tag{name='region', value='US_EAST_1'}, Tag{name='workloadType', value='OPERATIONAL'}]}, electionId=null, setVersion=164, topologyVersion=TopologyVersion{processId=6864374af74fd9de22249d82, counter=3}, lastWriteDate=Wed Jul 09 18:23:06 COT 2025, lastUpdateTimeNanos=23937948707300}
2025-07-09T18:23:04.699-05:00  INFO 38408 --- [backend] [ngodb.net:27017] org.mongodb.driver.cluster               : Discovered replica set primary ac-ognysg5-shard-00-02.lbdodxb.mongodb.net:27017 with max election id 7fffffff00000000000001aa and max set version 164
2025-07-09T18:23:04.872-05:00  INFO 38408 --- [backend] [           main] o.s.m.s.b.SimpleBrokerMessageHandler     : Starting...
2025-07-09T18:23:04.873-05:00  INFO 38408 --- [backend] [           main] o.s.m.s.b.SimpleBrokerMessageHandler     : BrokerAvailabilityEvent[available=true, SimpleBrokerMessageHandler [org.springframework.messaging.simp.broker.DefaultSubscriptionRegistry@485451d8]]
2025-07-09T18:23:04.873-05:00  INFO 38408 --- [backend] [           main] o.s.m.s.b.SimpleBrokerMessageHandler     : Started.
2025-07-09T18:23:04.878-05:00  INFO 38408 --- [backend] [           main] c.m.backend.BackendApplicationTests      : Started BackendApplicationTests in 1.882 seconds (process running for 2.635)
]]></system-out>
    <system-err><![CDATA[Mockito is currently self-attaching to enable the inline-mock-maker. This will no longer work in future releases of the JDK. Please add Mockito as an agent to your build as described in Mockito's documentation: https://javadoc.io/doc/org.mockito/mockito-core/latest/org.mockito/org/mockito/Mockito.html#0.3
WARNING: A Java agent has been loaded dynamically (C:\Users\Usuario\.m2\repository\net\bytebuddy\byte-buddy-agent\1.17.6\byte-buddy-agent-1.17.6.jar)
WARNING: If a serviceability tool is in use, please run with -XX:+EnableDynamicAgentLoading to hide this warning
WARNING: If a serviceability tool is not in use, please run with -Djdk.instrument.traceUsage for more information
WARNING: Dynamic loading of agents will be disallowed by default in a future release
]]></system-err>
  </testcase>
</testsuite>