<?xml version="1.0" encoding="UTF-8"?>
<testsuite xmlns:xsi="http://www.w3.org/2001/XMLSchema-instance" xsi:noNamespaceSchemaLocation="https://maven.apache.org/surefire/maven-surefire-plugin/xsd/surefire-test-report.xsd" version="3.0.2" name="com.menteMaestra.backend.controller.CodigoControllerTest" time="1.957" tests="20" errors="0" skipped="0" failures="0">
  <properties>
[...]
</properties>
  <testcase name="ingresarPartida_deberiaAceptarJugadorNuevo" classname="com.menteMaestra.backend.controller.CodigoControllerTest" time="0.281">
    <system-out><![CDATA[
  .   ____          _            __ _ _
 /\\ / ___'_ __ _ _(_)_ __  __ _ \ \ \ \
( ( )\___ | '_ | '_| | '_ \/ _` | \ \ \ \
 \\/  ___)| |_)| | | | | || (_| |  ) ) ) )
  '  |____| .__|_| |_|_| |_\__, | / / / /
 =========|_|==============|___/=/_/_/_/

 :: Spring Boot ::       (v4.0.0-SNAPSHOT)

2025-07-21T16:59:55.658-05:00  INFO 8692 --- [backend] [           main] c.m.b.controller.CodigoControllerTest    : Starting CodigoControllerTest using Java 21.0.3 with PID 8692 (started by Nicolás in E:\Universidad\Intersemestral 2025-i\ARSW\ARSW_BackendProyecto)
2025-07-21T16:59:55.659-05:00  INFO 8692 --- [backend] [           main] c.m.b.controller.CodigoControllerTest    : No active profile set, falling back to 1 default profile: "default"
2025-07-21T16:59:55.858-05:00  INFO 8692 --- [backend] [           main] .s.d.r.c.RepositoryConfigurationDelegate : Bootstrapping Spring Data MongoDB repositories in DEFAULT mode.
2025-07-21T16:59:55.875-05:00  INFO 8692 --- [backend] [           main] .s.d.r.c.RepositoryConfigurationDelegate : Finished Spring Data repository scanning in 14 ms. Found 1 MongoDB repository interface.
2025-07-21T16:59:55.972-05:00  INFO 8692 --- [backend] [           main] org.mongodb.driver.client                : MongoClient with metadata {"application": {"name": "Cluster0"}, "driver": {"name": "mongo-java-driver|sync|spring-boot", "version": "5.5.1"}, "os": {"type": "Windows", "name": "Windows 11", "architecture": "amd64", "version": "10.0"}, "platform": "Java/Oracle Corporation/21.0.3+7-LTS-152"} created with settings MongoClientSettings{readPreference=primary, writeConcern=WriteConcern{w=majority, wTimeout=null ms, journal=null}, retryWrites=true, retryReads=true, readConcern=ReadConcern{level=null}, credential=MongoCredential{mechanism=null, userName='nicolas', source='admin', password=<hidden>, mechanismProperties=<hidden>}, transportSettings=null, commandListeners=[], codecRegistry=ProvidersCodecRegistry{codecProviders=[ValueCodecProvider{}, BsonValueCodecProvider{}, DBRefCodecProvider{}, DBObjectCodecProvider{}, DocumentCodecProvider{}, CollectionCodecProvider{}, IterableCodecProvider{}, MapCodecProvider{}, GeoJsonCodecProvider{}, GridFSFileCodecProvider{}, Jsr310CodecProvider{}, JsonObjectCodecProvider{}, BsonCodecProvider{}, EnumCodecProvider{}, com.mongodb.client.model.mql.ExpressionCodecProvider@5c94d4b8, com.mongodb.Jep395RecordCodecProvider@4400026, com.mongodb.KotlinCodecProvider@308d8de8]}, loggerSettings=LoggerSettings{maxDocumentLength=1000}, clusterSettings={hosts=[127.0.0.1:27017], srvHost=cluster0.lbdodxb.mongodb.net, srvServiceName=mongodb, mode=MULTIPLE, requiredClusterType=REPLICA_SET, requiredReplicaSetName='atlas-eapwlh-shard-0', serverSelector='null', clusterListeners='[]', serverSelectionTimeout='30000 ms', localThreshold='15 ms'}, socketSettings=SocketSettings{connectTimeoutMS=10000, readTimeoutMS=0, receiveBufferSize=0, proxySettings=ProxySettings{host=null, port=null, username=null, password=null}}, heartbeatSocketSettings=SocketSettings{connectTimeoutMS=10000, readTimeoutMS=10000, receiveBufferSize=0, proxySettings=ProxySettings{host=null, port=null, username=null, password=null}}, connectionPoolSettings=ConnectionPoolSettings{maxSize=100, minSize=0, maxWaitTimeMS=120000, maxConnectionLifeTimeMS=0, maxConnectionIdleTimeMS=0, maintenanceInitialDelayMS=0, maintenanceFrequencyMS=60000, connectionPoolListeners=[], maxConnecting=2}, serverSettings=ServerSettings{heartbeatFrequencyMS=10000, minHeartbeatFrequencyMS=500, serverMonitoringMode=AUTO, serverListeners='[]', serverMonitorListeners='[]'}, sslSettings=SslSettings{enabled=true, invalidHostNameAllowed=false, context=null}, applicationName='Cluster0', compressorList=[], uuidRepresentation=JAVA_LEGACY, serverApi=null, autoEncryptionSettings=null, dnsClient=null, inetAddressResolver=null, contextProvider=null, timeoutMS=null}
2025-07-21T16:59:55.978-05:00  INFO 8692 --- [backend] [dxb.mongodb.net] org.mongodb.driver.cluster               : Adding discovered server ac-ognysg5-shard-00-00.lbdodxb.mongodb.net:27017 to client view of cluster
2025-07-21T16:59:55.982-05:00  INFO 8692 --- [backend] [dxb.mongodb.net] org.mongodb.driver.cluster               : Adding discovered server ac-ognysg5-shard-00-01.lbdodxb.mongodb.net:27017 to client view of cluster
2025-07-21T16:59:55.985-05:00  INFO 8692 --- [backend] [dxb.mongodb.net] org.mongodb.driver.cluster               : Adding discovered server ac-ognysg5-shard-00-02.lbdodxb.mongodb.net:27017 to client view of cluster
2025-07-21T16:59:56.147-05:00  INFO 8692 --- [backend] [           main] o.s.b.t.m.w.SpringBootMockServletContext : Initializing Spring TestDispatcherServlet ''
2025-07-21T16:59:56.148-05:00  INFO 8692 --- [backend] [           main] o.s.t.web.servlet.TestDispatcherServlet  : Initializing Servlet ''
2025-07-21T16:59:56.153-05:00  INFO 8692 --- [backend] [           main] o.s.t.web.servlet.TestDispatcherServlet  : Completed initialization in 2 ms
2025-07-21T16:59:56.177-05:00  INFO 8692 --- [backend] [           main] o.s.m.s.b.SimpleBrokerMessageHandler     : Starting...
2025-07-21T16:59:56.177-05:00  INFO 8692 --- [backend] [           main] o.s.m.s.b.SimpleBrokerMessageHandler     : BrokerAvailabilityEvent[available=true, SimpleBrokerMessageHandler [org.springframework.messaging.simp.broker.DefaultSubscriptionRegistry@39e1acd7]]
2025-07-21T16:59:56.177-05:00  INFO 8692 --- [backend] [           main] o.s.m.s.b.SimpleBrokerMessageHandler     : Started.
2025-07-21T16:59:56.180-05:00  INFO 8692 --- [backend] [           main] c.m.b.controller.CodigoControllerTest    : Started CodigoControllerTest in 0.571 seconds (process running for 6.918)
2025-07-21T16:59:56.191-05:00  INFO 8692 --- [backend] [           main] org.mongodb.driver.cluster               : Waiting for server to become available for operation with ID 16. Remaining time: 29992 ms. Selector: ReadPreferenceServerSelector{readPreference=primary}, topology description: {type=REPLICA_SET, servers=[{address=ac-ognysg5-shard-00-01.lbdodxb.mongodb.net:27017, type=UNKNOWN, state=CONNECTING}, {address=ac-ognysg5-shard-00-02.lbdodxb.mongodb.net:27017, type=UNKNOWN, state=CONNECTING}, {address=ac-ognysg5-shard-00-00.lbdodxb.mongodb.net:27017, type=UNKNOWN, state=CONNECTING}].
2025-07-21T16:59:56.287-05:00  INFO 8692 --- [backend] [ngodb.net:27017] org.mongodb.driver.cluster               : Monitor thread successfully connected to server with description ServerDescription{address=ac-ognysg5-shard-00-00.lbdodxb.mongodb.net:27017, type=REPLICA_SET_SECONDARY, cryptd=false, state=CONNECTED, ok=true, minWireVersion=0, maxWireVersion=25, maxDocumentSize=16777216, logicalSessionTimeoutMinutes=30, roundTripTimeNanos=199892800, minRoundTripTimeNanos=0, setName='atlas-eapwlh-shard-0', canonicalAddress=ac-ognysg5-shard-00-00.lbdodxb.mongodb.net:27017, hosts=[ac-ognysg5-shard-00-02.lbdodxb.mongodb.net:27017, ac-ognysg5-shard-00-01.lbdodxb.mongodb.net:27017, ac-ognysg5-shard-00-00.lbdodxb.mongodb.net:27017], passives=[], arbiters=[], primary='ac-ognysg5-shard-00-02.lbdodxb.mongodb.net:27017', tagSet=TagSet{[Tag{name='availabilityZone', value='use1-az6'}, Tag{name='diskState', value='READY'}, Tag{name='nodeType', value='ELECTABLE'}, Tag{name='provider', value='AWS'}, Tag{name='region', value='US_EAST_1'}, Tag{name='workloadType', value='OPERATIONAL'}]}, electionId=null, setVersion=164, topologyVersion=TopologyVersion{processId=68794a88bd9d83023a7d437f, counter=4}, lastWriteDate=Mon Jul 21 17:00:03 COT 2025, lastUpdateTimeNanos=23886041020200}
2025-07-21T16:59:56.287-05:00  INFO 8692 --- [backend] [ngodb.net:27017] org.mongodb.driver.cluster               : Monitor thread successfully connected to server with description ServerDescription{address=ac-ognysg5-shard-00-01.lbdodxb.mongodb.net:27017, type=REPLICA_SET_SECONDARY, cryptd=false, state=CONNECTED, ok=true, minWireVersion=0, maxWireVersion=25, maxDocumentSize=16777216, logicalSessionTimeoutMinutes=30, roundTripTimeNanos=200145600, minRoundTripTimeNanos=0, setName='atlas-eapwlh-shard-0', canonicalAddress=ac-ognysg5-shard-00-01.lbdodxb.mongodb.net:27017, hosts=[ac-ognysg5-shard-00-02.lbdodxb.mongodb.net:27017, ac-ognysg5-shard-00-01.lbdodxb.mongodb.net:27017, ac-ognysg5-shard-00-00.lbdodxb.mongodb.net:27017], passives=[], arbiters=[], primary='ac-ognysg5-shard-00-02.lbdodxb.mongodb.net:27017', tagSet=TagSet{[Tag{name='availabilityZone', value='use1-az1'}, Tag{name='diskState', value='READY'}, Tag{name='nodeType', value='ELECTABLE'}, Tag{name='provider', value='AWS'}, Tag{name='region', value='US_EAST_1'}, Tag{name='workloadType', value='OPERATIONAL'}]}, electionId=null, setVersion=164, topologyVersion=TopologyVersion{processId=68794f8204c995199a43fbda, counter=3}, lastWriteDate=Mon Jul 21 17:00:03 COT 2025, lastUpdateTimeNanos=23886041263200}
2025-07-21T16:59:56.295-05:00  INFO 8692 --- [backend] [ngodb.net:27017] org.mongodb.driver.cluster               : Monitor thread successfully connected to server with description ServerDescription{address=ac-ognysg5-shard-00-02.lbdodxb.mongodb.net:27017, type=REPLICA_SET_PRIMARY, cryptd=false, state=CONNECTED, ok=true, minWireVersion=0, maxWireVersion=25, maxDocumentSize=16777216, logicalSessionTimeoutMinutes=30, roundTripTimeNanos=207611100, minRoundTripTimeNanos=0, setName='atlas-eapwlh-shard-0', canonicalAddress=ac-ognysg5-shard-00-02.lbdodxb.mongodb.net:27017, hosts=[ac-ognysg5-shard-00-02.lbdodxb.mongodb.net:27017, ac-ognysg5-shard-00-01.lbdodxb.mongodb.net:27017, ac-ognysg5-shard-00-00.lbdodxb.mongodb.net:27017], passives=[], arbiters=[], primary='ac-ognysg5-shard-00-02.lbdodxb.mongodb.net:27017', tagSet=TagSet{[Tag{name='availabilityZone', value='use1-az2'}, Tag{name='diskState', value='READY'}, Tag{name='nodeType', value='ELECTABLE'}, Tag{name='provider', value='AWS'}, Tag{name='region', value='US_EAST_1'}, Tag{name='workloadType', value='OPERATIONAL'}]}, electionId=7fffffff00000000000001ac, setVersion=164, topologyVersion=TopologyVersion{processId=68794c8e7c227b8827f4ef32, counter=6}, lastWriteDate=Mon Jul 21 17:00:03 COT 2025, lastUpdateTimeNanos=23886048730500}
2025-07-21T16:59:56.296-05:00  INFO 8692 --- [backend] [ngodb.net:27017] org.mongodb.driver.cluster               : Discovered replica set primary ac-ognysg5-shard-00-02.lbdodxb.mongodb.net:27017 with max election id 7fffffff00000000000001ac and max set version 164
]]></system-out>
  </testcase>
  <testcase name="estadoPartida_deberiaRetornarNoIniciada" classname="com.menteMaestra.backend.controller.CodigoControllerTest" time="0.011"/>
  <testcase name="obtenerPuntajes_deberiaRetornarPuntajeJugador" classname="com.menteMaestra.backend.controller.CodigoControllerTest" time="0.189"/>
  <testcase name="obtenerPreguntaActual_partidaNoIniciada_deberiaRetornarError" classname="com.menteMaestra.backend.controller.CodigoControllerTest" time="0.005"/>
  <testcase name="iniciarPartida_codigoInvalido_deberiaRetornarNotFound" classname="com.menteMaestra.backend.controller.CodigoControllerTest" time="0.008"/>
  <testcase name="registrarRespuesta_incorrecta_deberiaRetornarFalsoSinPuntos" classname="com.menteMaestra.backend.controller.CodigoControllerTest" time="0.006"/>
  <testcase name="ingresarPartida_masDeCincoJugadores_deberiaFallar" classname="com.menteMaestra.backend.controller.CodigoControllerTest" time="0.009"/>
  <testcase name="salirDePartida_deberiaEliminarJugador" classname="com.menteMaestra.backend.controller.CodigoControllerTest" time="0.006"/>
  <testcase name="generarCodigo_deberiaRetornarOkYCodigo" classname="com.menteMaestra.backend.controller.CodigoControllerTest" time="0.004"/>
  <testcase name="registrarRespuesta_duplicada_deberiaFallar" classname="com.menteMaestra.backend.controller.CodigoControllerTest" time="0.009"/>
  <testcase name="ingresarPartida_nombreDuplicado_deberiaFallar" classname="com.menteMaestra.backend.controller.CodigoControllerTest" time="0.004"/>
  <testcase name="obtenerJugadores_deberiaRetornarLista" classname="com.menteMaestra.backend.controller.CodigoControllerTest" time="0.003"/>
  <testcase name="iniciarPartida_sinSerAdmin_deberiaRetornarForbidden" classname="com.menteMaestra.backend.controller.CodigoControllerTest" time="0.003"/>
  <testcase name="ingresarPartida_datosInvalidos_deberiaRetornarBadRequest" classname="com.menteMaestra.backend.controller.CodigoControllerTest" time="0.004"/>
  <testcase name="iniciarPartida_deberiaIniciarYRetornarOk" classname="com.menteMaestra.backend.controller.CodigoControllerTest" time="0.003"/>
  <testcase name="ingresarPartida_yaIniciada_deberiaRetornarForbidden" classname="com.menteMaestra.backend.controller.CodigoControllerTest" time="0.006"/>
  <testcase name="ingresarPartida_codigoInvalido_deberiaRetornarNotFound" classname="com.menteMaestra.backend.controller.CodigoControllerTest" time="0.004"/>
  <testcase name="registrarRespuesta_deberiaAceptarRespuestaCorrectaYSumarPuntos" classname="com.menteMaestra.backend.controller.CodigoControllerTest" time="0.024"/>
  <testcase name="ingresarPartida_adminCantidadInvalida_deberiaFallar" classname="com.menteMaestra.backend.controller.CodigoControllerTest" time="0.003"/>
  <testcase name="obtenerPreguntaActual_deberiaRetornarPregunta" classname="com.menteMaestra.backend.controller.CodigoControllerTest" time="0.01"/>
</testsuite>