<?xml version="1.0" encoding="UTF-8"?>
<testsuite xmlns:xsi="http://www.w3.org/2001/XMLSchema-instance" xsi:noNamespaceSchemaLocation="https://maven.apache.org/surefire/maven-surefire-plugin/xsd/surefire-test-report.xsd" version="3.0.2" name="com.menteMaestra.backend.config.CargaInicialTest" time="0.674" tests="4" errors="0" skipped="0" failures="0">
  <properties>
[...]
</properties>
  <testcase name="noCargaSiYaHayPreguntas" classname="com.menteMaestra.backend.config.CargaInicialTest" time="0.459"/>
  <testcase name="noDebeCargarPreguntasSiRepositorioNoEstaVacio" classname="com.menteMaestra.backend.config.CargaInicialTest" time="0.002"/>
  <testcase name="debeCargarPreguntasSiRepositorioEstaVacio" classname="com.menteMaestra.backend.config.CargaInicialTest" time="0.168">
    <system-out><![CDATA[2025-07-21T18:40:30.686-05:00  INFO 27924 --- [backend] [           main] c.m.backend.config.CargaInicial          : === VERIFICACIÓN DE CARGA ===
2025-07-21T18:40:30.689-05:00  INFO 27924 --- [backend] [           main] c.m.backend.config.CargaInicial          : 
Pregunta: ¿Cuál es el río más largo del mundo?
2025-07-21T18:40:30.691-05:00  INFO 27924 --- [backend] [           main] c.m.backend.config.CargaInicial          : Opción: Nilo | Correcta en JSON: false
2025-07-21T18:40:30.691-05:00  INFO 27924 --- [backend] [           main] c.m.backend.config.CargaInicial          : Opción: Amazonas | Correcta en JSON: true
2025-07-21T18:40:30.691-05:00  INFO 27924 --- [backend] [           main] c.m.backend.config.CargaInicial          : Opción: Yangtsé | Correcta en JSON: false
2025-07-21T18:40:30.691-05:00  INFO 27924 --- [backend] [           main] c.m.backend.config.CargaInicial          : Opción: Misisipi | Correcta en JSON: false
2025-07-21T18:40:30.691-05:00  INFO 27924 --- [backend] [           main] c.m.backend.config.CargaInicial          : 
Pregunta: ¿En qué año llegó el hombre a la Luna?
2025-07-21T18:40:30.691-05:00  INFO 27924 --- [backend] [           main] c.m.backend.config.CargaInicial          : Opción: 1965 | Correcta en JSON: false
2025-07-21T18:40:30.691-05:00  INFO 27924 --- [backend] [           main] c.m.backend.config.CargaInicial          : Opción: 1969 | Correcta en JSON: true
2025-07-21T18:40:30.691-05:00  INFO 27924 --- [backend] [           main] c.m.backend.config.CargaInicial          : Opción: 1972 | Correcta en JSON: false
2025-07-21T18:40:30.692-05:00  INFO 27924 --- [backend] [           main] c.m.backend.config.CargaInicial          : Opción: 1958 | Correcta en JSON: false
2025-07-21T18:40:30.692-05:00  INFO 27924 --- [backend] [           main] c.m.backend.config.CargaInicial          : 
Pregunta: ¿Quién pintó la Mona Lisa?
2025-07-21T18:40:30.692-05:00  INFO 27924 --- [backend] [           main] c.m.backend.config.CargaInicial          : Opción: Pablo Picasso | Correcta en JSON: false
2025-07-21T18:40:30.692-05:00  INFO 27924 --- [backend] [           main] c.m.backend.config.CargaInicial          : Opción: Vincent van Gogh | Correcta en JSON: false
2025-07-21T18:40:30.692-05:00  INFO 27924 --- [backend] [           main] c.m.backend.config.CargaInicial          : Opción: Leonardo da Vinci | Correcta en JSON: true
2025-07-21T18:40:30.692-05:00  INFO 27924 --- [backend] [           main] c.m.backend.config.CargaInicial          : Opción: Miguel Ángel | Correcta en JSON: false
2025-07-21T18:40:30.692-05:00  INFO 27924 --- [backend] [           main] c.m.backend.config.CargaInicial          : 
Pregunta: ¿Cuál es el metal más caro del mundo?
2025-07-21T18:40:30.692-05:00  INFO 27924 --- [backend] [           main] c.m.backend.config.CargaInicial          : Opción: Oro | Correcta en JSON: false
2025-07-21T18:40:30.693-05:00  INFO 27924 --- [backend] [           main] c.m.backend.config.CargaInicial          : Opción: Platino | Correcta en JSON: false
2025-07-21T18:40:30.693-05:00  INFO 27924 --- [backend] [           main] c.m.backend.config.CargaInicial          : Opción: Rodio | Correcta en JSON: true
2025-07-21T18:40:30.693-05:00  INFO 27924 --- [backend] [           main] c.m.backend.config.CargaInicial          : Opción: Paladio | Correcta en JSON: false
2025-07-21T18:40:30.693-05:00  INFO 27924 --- [backend] [           main] c.m.backend.config.CargaInicial          : 
Pregunta: ¿Qué país tiene forma de bota?
2025-07-21T18:40:30.693-05:00  INFO 27924 --- [backend] [           main] c.m.backend.config.CargaInicial          : Opción: Grecia | Correcta en JSON: false
2025-07-21T18:40:30.693-05:00  INFO 27924 --- [backend] [           main] c.m.backend.config.CargaInicial          : Opción: Italia | Correcta en JSON: true
2025-07-21T18:40:30.693-05:00  INFO 27924 --- [backend] [           main] c.m.backend.config.CargaInicial          : Opción: España | Correcta en JSON: false
2025-07-21T18:40:30.693-05:00  INFO 27924 --- [backend] [           main] c.m.backend.config.CargaInicial          : Opción: Francia | Correcta en JSON: false
2025-07-21T18:40:30.693-05:00  INFO 27924 --- [backend] [           main] c.m.backend.config.CargaInicial          : 
Pregunta: ¿Cuál es el océano más grande del mundo?
2025-07-21T18:40:30.693-05:00  INFO 27924 --- [backend] [           main] c.m.backend.config.CargaInicial          : Opción: Atlántico | Correcta en JSON: false
2025-07-21T18:40:30.693-05:00  INFO 27924 --- [backend] [           main] c.m.backend.config.CargaInicial          : Opción: Índico | Correcta en JSON: false
2025-07-21T18:40:30.694-05:00  INFO 27924 --- [backend] [           main] c.m.backend.config.CargaInicial          : Opción: Pacífico | Correcta en JSON: true
2025-07-21T18:40:30.694-05:00  INFO 27924 --- [backend] [           main] c.m.backend.config.CargaInicial          : Opción: Ártico | Correcta en JSON: false
2025-07-21T18:40:30.694-05:00  INFO 27924 --- [backend] [           main] c.m.backend.config.CargaInicial          : 
Pregunta: ¿Quién escribió 'Cien años de soledad'?
2025-07-21T18:40:30.694-05:00  INFO 27924 --- [backend] [           main] c.m.backend.config.CargaInicial          : Opción: Pablo Neruda | Correcta en JSON: false
2025-07-21T18:40:30.694-05:00  INFO 27924 --- [backend] [           main] c.m.backend.config.CargaInicial          : Opción: Gabriel García Márquez | Correcta en JSON: true
2025-07-21T18:40:30.694-05:00  INFO 27924 --- [backend] [           main] c.m.backend.config.CargaInicial          : Opción: Mario Vargas Llosa | Correcta en JSON: false
2025-07-21T18:40:30.695-05:00  INFO 27924 --- [backend] [           main] c.m.backend.config.CargaInicial          : Opción: Julio Cortázar | Correcta en JSON: false
2025-07-21T18:40:30.695-05:00  INFO 27924 --- [backend] [           main] c.m.backend.config.CargaInicial          : 
Pregunta: ¿Cuál es el país más grande del mundo?
2025-07-21T18:40:30.695-05:00  INFO 27924 --- [backend] [           main] c.m.backend.config.CargaInicial          : Opción: China | Correcta en JSON: false
2025-07-21T18:40:30.695-05:00  INFO 27924 --- [backend] [           main] c.m.backend.config.CargaInicial          : Opción: Estados Unidos | Correcta en JSON: false
2025-07-21T18:40:30.695-05:00  INFO 27924 --- [backend] [           main] c.m.backend.config.CargaInicial          : Opción: Canadá | Correcta en JSON: false
2025-07-21T18:40:30.695-05:00  INFO 27924 --- [backend] [           main] c.m.backend.config.CargaInicial          : Opción: Rusia | Correcta en JSON: true
2025-07-21T18:40:30.695-05:00  INFO 27924 --- [backend] [           main] c.m.backend.config.CargaInicial          : 
Pregunta: ¿Qué famoso científico formuló la teoría de la relatividad?
2025-07-21T18:40:30.696-05:00  INFO 27924 --- [backend] [           main] c.m.backend.config.CargaInicial          : Opción: Isaac Newton | Correcta en JSON: false
2025-07-21T18:40:30.696-05:00  INFO 27924 --- [backend] [           main] c.m.backend.config.CargaInicial          : Opción: Albert Einstein | Correcta en JSON: true
2025-07-21T18:40:30.696-05:00  INFO 27924 --- [backend] [           main] c.m.backend.config.CargaInicial          : Opción: Stephen Hawking | Correcta en JSON: false
2025-07-21T18:40:30.696-05:00  INFO 27924 --- [backend] [           main] c.m.backend.config.CargaInicial          : Opción: Galileo Galilei | Correcta en JSON: false
2025-07-21T18:40:30.696-05:00  INFO 27924 --- [backend] [           main] c.m.backend.config.CargaInicial          : 
Pregunta: ¿Cuál es el hueso más largo del cuerpo humano?
2025-07-21T18:40:30.696-05:00  INFO 27924 --- [backend] [           main] c.m.backend.config.CargaInicial          : Opción: Tibia | Correcta en JSON: false
2025-07-21T18:40:30.696-05:00  INFO 27924 --- [backend] [           main] c.m.backend.config.CargaInicial          : Opción: Peroné | Correcta en JSON: false
2025-07-21T18:40:30.696-05:00  INFO 27924 --- [backend] [           main] c.m.backend.config.CargaInicial          : Opción: Fémur | Correcta en JSON: true
2025-07-21T18:40:30.696-05:00  INFO 27924 --- [backend] [           main] c.m.backend.config.CargaInicial          : Opción: Húmero | Correcta en JSON: false
2025-07-21T18:40:30.696-05:00  INFO 27924 --- [backend] [           main] c.m.backend.config.CargaInicial          : 
Pregunta: ¿En qué continente se encuentra Egipto?
2025-07-21T18:40:30.697-05:00  INFO 27924 --- [backend] [           main] c.m.backend.config.CargaInicial          : Opción: Asia | Correcta en JSON: false
2025-07-21T18:40:30.697-05:00  INFO 27924 --- [backend] [           main] c.m.backend.config.CargaInicial          : Opción: África | Correcta en JSON: true
2025-07-21T18:40:30.697-05:00  INFO 27924 --- [backend] [           main] c.m.backend.config.CargaInicial          : Opción: Europa | Correcta en JSON: false
2025-07-21T18:40:30.697-05:00  INFO 27924 --- [backend] [           main] c.m.backend.config.CargaInicial          : Opción: América | Correcta en JSON: false
2025-07-21T18:40:30.697-05:00  INFO 27924 --- [backend] [           main] c.m.backend.config.CargaInicial          : 
Pregunta: ¿Cuál es el idioma más hablado del mundo?
2025-07-21T18:40:30.697-05:00  INFO 27924 --- [backend] [           main] c.m.backend.config.CargaInicial          : Opción: Inglés | Correcta en JSON: false
2025-07-21T18:40:30.697-05:00  INFO 27924 --- [backend] [           main] c.m.backend.config.CargaInicial          : Opción: Español | Correcta en JSON: false
2025-07-21T18:40:30.697-05:00  INFO 27924 --- [backend] [           main] c.m.backend.config.CargaInicial          : Opción: Hindi | Correcta en JSON: false
2025-07-21T18:40:30.697-05:00  INFO 27924 --- [backend] [           main] c.m.backend.config.CargaInicial          : Opción: Chino mandarín | Correcta en JSON: true
2025-07-21T18:40:30.697-05:00  INFO 27924 --- [backend] [           main] c.m.backend.config.CargaInicial          : 
Pregunta: ¿Qué planeta tiene anillos visibles desde la Tierra?
2025-07-21T18:40:30.697-05:00  INFO 27924 --- [backend] [           main] c.m.backend.config.CargaInicial          : Opción: Júpiter | Correcta en JSON: false
2025-07-21T18:40:30.698-05:00  INFO 27924 --- [backend] [           main] c.m.backend.config.CargaInicial          : Opción: Saturno | Correcta en JSON: true
2025-07-21T18:40:30.698-05:00  INFO 27924 --- [backend] [           main] c.m.backend.config.CargaInicial          : Opción: Urano | Correcta en JSON: false
2025-07-21T18:40:30.698-05:00  INFO 27924 --- [backend] [           main] c.m.backend.config.CargaInicial          : Opción: Neptuno | Correcta en JSON: false
2025-07-21T18:40:30.698-05:00  INFO 27924 --- [backend] [           main] c.m.backend.config.CargaInicial          : 
Pregunta: ¿Quién fue el primer presidente de Estados Unidos?
2025-07-21T18:40:30.698-05:00  INFO 27924 --- [backend] [           main] c.m.backend.config.CargaInicial          : Opción: Thomas Jefferson | Correcta en JSON: false
2025-07-21T18:40:30.698-05:00  INFO 27924 --- [backend] [           main] c.m.backend.config.CargaInicial          : Opción: Abraham Lincoln | Correcta en JSON: false
2025-07-21T18:40:30.698-05:00  INFO 27924 --- [backend] [           main] c.m.backend.config.CargaInicial          : Opción: George Washington | Correcta en JSON: true
2025-07-21T18:40:30.698-05:00  INFO 27924 --- [backend] [           main] c.m.backend.config.CargaInicial          : Opción: John Adams | Correcta en JSON: false
2025-07-21T18:40:30.698-05:00  INFO 27924 --- [backend] [           main] c.m.backend.config.CargaInicial          : 
Pregunta: ¿Cuál es el animal más grande del mundo?
2025-07-21T18:40:30.698-05:00  INFO 27924 --- [backend] [           main] c.m.backend.config.CargaInicial          : Opción: Elefante africano | Correcta en JSON: false
2025-07-21T18:40:30.698-05:00  INFO 27924 --- [backend] [           main] c.m.backend.config.CargaInicial          : Opción: Ballena azul | Correcta en JSON: true
2025-07-21T18:40:30.699-05:00  INFO 27924 --- [backend] [           main] c.m.backend.config.CargaInicial          : Opción: Tiburón ballena | Correcta en JSON: false
2025-07-21T18:40:30.699-05:00  INFO 27924 --- [backend] [           main] c.m.backend.config.CargaInicial          : Opción: Jirafa | Correcta en JSON: false
2025-07-21T18:40:30.699-05:00  INFO 27924 --- [backend] [           main] c.m.backend.config.CargaInicial          : 
Pregunta: ¿Qué elemento químico tiene el símbolo 'O'?
2025-07-21T18:40:30.699-05:00  INFO 27924 --- [backend] [           main] c.m.backend.config.CargaInicial          : Opción: Oro | Correcta en JSON: false
2025-07-21T18:40:30.699-05:00  INFO 27924 --- [backend] [           main] c.m.backend.config.CargaInicial          : Opción: Osmio | Correcta en JSON: false
2025-07-21T18:40:30.699-05:00  INFO 27924 --- [backend] [           main] c.m.backend.config.CargaInicial          : Opción: Oxígeno | Correcta en JSON: true
2025-07-21T18:40:30.699-05:00  INFO 27924 --- [backend] [           main] c.m.backend.config.CargaInicial          : Opción: Oganesón | Correcta en JSON: false
2025-07-21T18:40:30.699-05:00  INFO 27924 --- [backend] [           main] c.m.backend.config.CargaInicial          : 
Pregunta: ¿En qué país se originó el sushi?
2025-07-21T18:40:30.699-05:00  INFO 27924 --- [backend] [           main] c.m.backend.config.CargaInicial          : Opción: China | Correcta en JSON: false
2025-07-21T18:40:30.699-05:00  INFO 27924 --- [backend] [           main] c.m.backend.config.CargaInicial          : Opción: Corea del Sur | Correcta en JSON: false
2025-07-21T18:40:30.699-05:00  INFO 27924 --- [backend] [           main] c.m.backend.config.CargaInicial          : Opción: Japón | Correcta en JSON: true
2025-07-21T18:40:30.700-05:00  INFO 27924 --- [backend] [           main] c.m.backend.config.CargaInicial          : Opción: Tailandia | Correcta en JSON: false
2025-07-21T18:40:30.700-05:00  INFO 27924 --- [backend] [           main] c.m.backend.config.CargaInicial          : 
Pregunta: ¿Cuántos colores tiene el arcoíris?
2025-07-21T18:40:30.700-05:00  INFO 27924 --- [backend] [           main] c.m.backend.config.CargaInicial          : Opción: 5 | Correcta en JSON: false
2025-07-21T18:40:30.700-05:00  INFO 27924 --- [backend] [           main] c.m.backend.config.CargaInicial          : Opción: 6 | Correcta en JSON: false
2025-07-21T18:40:30.700-05:00  INFO 27924 --- [backend] [           main] c.m.backend.config.CargaInicial          : Opción: 7 | Correcta en JSON: true
2025-07-21T18:40:30.700-05:00  INFO 27924 --- [backend] [           main] c.m.backend.config.CargaInicial          : Opción: 8 | Correcta en JSON: false
2025-07-21T18:40:30.700-05:00  INFO 27924 --- [backend] [           main] c.m.backend.config.CargaInicial          : 
Pregunta: ¿Qué instrumento musical tiene 88 teclas?
2025-07-21T18:40:30.700-05:00  INFO 27924 --- [backend] [           main] c.m.backend.config.CargaInicial          : Opción: Órgano | Correcta en JSON: false
2025-07-21T18:40:30.700-05:00  INFO 27924 --- [backend] [           main] c.m.backend.config.CargaInicial          : Opción: Piano | Correcta en JSON: true
2025-07-21T18:40:30.700-05:00  INFO 27924 --- [backend] [           main] c.m.backend.config.CargaInicial          : Opción: Sintetizador | Correcta en JSON: false
2025-07-21T18:40:30.701-05:00  INFO 27924 --- [backend] [           main] c.m.backend.config.CargaInicial          : Opción: Clavicordio | Correcta en JSON: false
2025-07-21T18:40:30.701-05:00  INFO 27924 --- [backend] [           main] c.m.backend.config.CargaInicial          : 
Pregunta: ¿En qué ciudad se encuentra la Torre Eiffel?
2025-07-21T18:40:30.701-05:00  INFO 27924 --- [backend] [           main] c.m.backend.config.CargaInicial          : Opción: Londres | Correcta en JSON: false
2025-07-21T18:40:30.701-05:00  INFO 27924 --- [backend] [           main] c.m.backend.config.CargaInicial          : Opción: Roma | Correcta en JSON: false
2025-07-21T18:40:30.701-05:00  INFO 27924 --- [backend] [           main] c.m.backend.config.CargaInicial          : Opción: París | Correcta en JSON: true
2025-07-21T18:40:30.701-05:00  INFO 27924 --- [backend] [           main] c.m.backend.config.CargaInicial          : Opción: Berlín | Correcta en JSON: false
2025-07-21T18:40:30.701-05:00  INFO 27924 --- [backend] [           main] c.m.backend.config.CargaInicial          : 
Pregunta: ¿Cuál es el libro más vendido de la historia?
2025-07-21T18:40:30.701-05:00  INFO 27924 --- [backend] [           main] c.m.backend.config.CargaInicial          : Opción: Don Quijote de la Mancha | Correcta en JSON: false
2025-07-21T18:40:30.701-05:00  INFO 27924 --- [backend] [           main] c.m.backend.config.CargaInicial          : Opción: Historia de dos ciudades | Correcta en JSON: false
2025-07-21T18:40:30.701-05:00  INFO 27924 --- [backend] [           main] c.m.backend.config.CargaInicial          : Opción: La Biblia | Correcta en JSON: true
2025-07-21T18:40:30.701-05:00  INFO 27924 --- [backend] [           main] c.m.backend.config.CargaInicial          : Opción: El Señor de los Anillos | Correcta en JSON: false
2025-07-21T18:40:30.702-05:00  INFO 27924 --- [backend] [           main] c.m.backend.config.CargaInicial          : 
Pregunta: ¿Qué deporte se juega en Wimbledon?
2025-07-21T18:40:30.702-05:00  INFO 27924 --- [backend] [           main] c.m.backend.config.CargaInicial          : Opción: Golf | Correcta en JSON: false
2025-07-21T18:40:30.702-05:00  INFO 27924 --- [backend] [           main] c.m.backend.config.CargaInicial          : Opción: Fútbol | Correcta en JSON: false
2025-07-21T18:40:30.702-05:00  INFO 27924 --- [backend] [           main] c.m.backend.config.CargaInicial          : Opción: Tenis | Correcta en JSON: true
2025-07-21T18:40:30.702-05:00  INFO 27924 --- [backend] [           main] c.m.backend.config.CargaInicial          : Opción: Críquet | Correcta en JSON: false
2025-07-21T18:40:30.704-05:00  INFO 27924 --- [backend] [           main] c.m.backend.config.CargaInicial          : Preguntas cargadas correctamente.
]]></system-out>
  </testcase>
  <testcase name="cargaPreguntasDesdeJsonCuandoRepositorioEstaVacio" classname="com.menteMaestra.backend.config.CargaInicialTest" time="0.04">
    <system-out><![CDATA[2025-07-21T18:40:30.749-05:00  INFO 27924 --- [backend] [           main] c.m.backend.config.CargaInicial          : === VERIFICACIÓN DE CARGA ===
2025-07-21T18:40:30.750-05:00  INFO 27924 --- [backend] [           main] c.m.backend.config.CargaInicial          : 
Pregunta: ¿Cuál es el río más largo del mundo?
2025-07-21T18:40:30.750-05:00  INFO 27924 --- [backend] [           main] c.m.backend.config.CargaInicial          : Opción: Nilo | Correcta en JSON: false
2025-07-21T18:40:30.750-05:00  INFO 27924 --- [backend] [           main] c.m.backend.config.CargaInicial          : Opción: Amazonas | Correcta en JSON: true
2025-07-21T18:40:30.750-05:00  INFO 27924 --- [backend] [           main] c.m.backend.config.CargaInicial          : Opción: Yangtsé | Correcta en JSON: false
2025-07-21T18:40:30.750-05:00  INFO 27924 --- [backend] [           main] c.m.backend.config.CargaInicial          : Opción: Misisipi | Correcta en JSON: false
2025-07-21T18:40:30.751-05:00  INFO 27924 --- [backend] [           main] c.m.backend.config.CargaInicial          : 
Pregunta: ¿En qué año llegó el hombre a la Luna?
2025-07-21T18:40:30.751-05:00  INFO 27924 --- [backend] [           main] c.m.backend.config.CargaInicial          : Opción: 1965 | Correcta en JSON: false
2025-07-21T18:40:30.751-05:00  INFO 27924 --- [backend] [           main] c.m.backend.config.CargaInicial          : Opción: 1969 | Correcta en JSON: true
2025-07-21T18:40:30.751-05:00  INFO 27924 --- [backend] [           main] c.m.backend.config.CargaInicial          : Opción: 1972 | Correcta en JSON: false
2025-07-21T18:40:30.751-05:00  INFO 27924 --- [backend] [           main] c.m.backend.config.CargaInicial          : Opción: 1958 | Correcta en JSON: false
2025-07-21T18:40:30.751-05:00  INFO 27924 --- [backend] [           main] c.m.backend.config.CargaInicial          : 
Pregunta: ¿Quién pintó la Mona Lisa?
2025-07-21T18:40:30.751-05:00  INFO 27924 --- [backend] [           main] c.m.backend.config.CargaInicial          : Opción: Pablo Picasso | Correcta en JSON: false
2025-07-21T18:40:30.751-05:00  INFO 27924 --- [backend] [           main] c.m.backend.config.CargaInicial          : Opción: Vincent van Gogh | Correcta en JSON: false
2025-07-21T18:40:30.751-05:00  INFO 27924 --- [backend] [           main] c.m.backend.config.CargaInicial          : Opción: Leonardo da Vinci | Correcta en JSON: true
2025-07-21T18:40:30.751-05:00  INFO 27924 --- [backend] [           main] c.m.backend.config.CargaInicial          : Opción: Miguel Ángel | Correcta en JSON: false
2025-07-21T18:40:30.751-05:00  INFO 27924 --- [backend] [           main] c.m.backend.config.CargaInicial          : 
Pregunta: ¿Cuál es el metal más caro del mundo?
2025-07-21T18:40:30.751-05:00  INFO 27924 --- [backend] [           main] c.m.backend.config.CargaInicial          : Opción: Oro | Correcta en JSON: false
2025-07-21T18:40:30.751-05:00  INFO 27924 --- [backend] [           main] c.m.backend.config.CargaInicial          : Opción: Platino | Correcta en JSON: false
2025-07-21T18:40:30.751-05:00  INFO 27924 --- [backend] [           main] c.m.backend.config.CargaInicial          : Opción: Rodio | Correcta en JSON: true
2025-07-21T18:40:30.752-05:00  INFO 27924 --- [backend] [           main] c.m.backend.config.CargaInicial          : Opción: Paladio | Correcta en JSON: false
2025-07-21T18:40:30.752-05:00  INFO 27924 --- [backend] [           main] c.m.backend.config.CargaInicial          : 
Pregunta: ¿Qué país tiene forma de bota?
2025-07-21T18:40:30.752-05:00  INFO 27924 --- [backend] [           main] c.m.backend.config.CargaInicial          : Opción: Grecia | Correcta en JSON: false
2025-07-21T18:40:30.752-05:00  INFO 27924 --- [backend] [           main] c.m.backend.config.CargaInicial          : Opción: Italia | Correcta en JSON: true
2025-07-21T18:40:30.752-05:00  INFO 27924 --- [backend] [           main] c.m.backend.config.CargaInicial          : Opción: España | Correcta en JSON: false
2025-07-21T18:40:30.752-05:00  INFO 27924 --- [backend] [           main] c.m.backend.config.CargaInicial          : Opción: Francia | Correcta en JSON: false
2025-07-21T18:40:30.752-05:00  INFO 27924 --- [backend] [           main] c.m.backend.config.CargaInicial          : 
Pregunta: ¿Cuál es el océano más grande del mundo?
2025-07-21T18:40:30.752-05:00  INFO 27924 --- [backend] [           main] c.m.backend.config.CargaInicial          : Opción: Atlántico | Correcta en JSON: false
2025-07-21T18:40:30.752-05:00  INFO 27924 --- [backend] [           main] c.m.backend.config.CargaInicial          : Opción: Índico | Correcta en JSON: false
2025-07-21T18:40:30.752-05:00  INFO 27924 --- [backend] [           main] c.m.backend.config.CargaInicial          : Opción: Pacífico | Correcta en JSON: true
2025-07-21T18:40:30.752-05:00  INFO 27924 --- [backend] [           main] c.m.backend.config.CargaInicial          : Opción: Ártico | Correcta en JSON: false
2025-07-21T18:40:30.752-05:00  INFO 27924 --- [backend] [           main] c.m.backend.config.CargaInicial          : 
Pregunta: ¿Quién escribió 'Cien años de soledad'?
2025-07-21T18:40:30.752-05:00  INFO 27924 --- [backend] [           main] c.m.backend.config.CargaInicial          : Opción: Pablo Neruda | Correcta en JSON: false
2025-07-21T18:40:30.753-05:00  INFO 27924 --- [backend] [           main] c.m.backend.config.CargaInicial          : Opción: Gabriel García Márquez | Correcta en JSON: true
2025-07-21T18:40:30.753-05:00  INFO 27924 --- [backend] [           main] c.m.backend.config.CargaInicial          : Opción: Mario Vargas Llosa | Correcta en JSON: false
2025-07-21T18:40:30.753-05:00  INFO 27924 --- [backend] [           main] c.m.backend.config.CargaInicial          : Opción: Julio Cortázar | Correcta en JSON: false
2025-07-21T18:40:30.753-05:00  INFO 27924 --- [backend] [           main] c.m.backend.config.CargaInicial          : 
Pregunta: ¿Cuál es el país más grande del mundo?
2025-07-21T18:40:30.753-05:00  INFO 27924 --- [backend] [           main] c.m.backend.config.CargaInicial          : Opción: China | Correcta en JSON: false
2025-07-21T18:40:30.753-05:00  INFO 27924 --- [backend] [           main] c.m.backend.config.CargaInicial          : Opción: Estados Unidos | Correcta en JSON: false
2025-07-21T18:40:30.753-05:00  INFO 27924 --- [backend] [           main] c.m.backend.config.CargaInicial          : Opción: Canadá | Correcta en JSON: false
2025-07-21T18:40:30.753-05:00  INFO 27924 --- [backend] [           main] c.m.backend.config.CargaInicial          : Opción: Rusia | Correcta en JSON: true
2025-07-21T18:40:30.753-05:00  INFO 27924 --- [backend] [           main] c.m.backend.config.CargaInicial          : 
Pregunta: ¿Qué famoso científico formuló la teoría de la relatividad?
2025-07-21T18:40:30.753-05:00  INFO 27924 --- [backend] [           main] c.m.backend.config.CargaInicial          : Opción: Isaac Newton | Correcta en JSON: false
2025-07-21T18:40:30.755-05:00  INFO 27924 --- [backend] [           main] c.m.backend.config.CargaInicial          : Opción: Albert Einstein | Correcta en JSON: true
2025-07-21T18:40:30.755-05:00  INFO 27924 --- [backend] [           main] c.m.backend.config.CargaInicial          : Opción: Stephen Hawking | Correcta en JSON: false
2025-07-21T18:40:30.755-05:00  INFO 27924 --- [backend] [           main] c.m.backend.config.CargaInicial          : Opción: Galileo Galilei | Correcta en JSON: false
2025-07-21T18:40:30.755-05:00  INFO 27924 --- [backend] [           main] c.m.backend.config.CargaInicial          : 
Pregunta: ¿Cuál es el hueso más largo del cuerpo humano?
2025-07-21T18:40:30.755-05:00  INFO 27924 --- [backend] [           main] c.m.backend.config.CargaInicial          : Opción: Tibia | Correcta en JSON: false
2025-07-21T18:40:30.755-05:00  INFO 27924 --- [backend] [           main] c.m.backend.config.CargaInicial          : Opción: Peroné | Correcta en JSON: false
2025-07-21T18:40:30.755-05:00  INFO 27924 --- [backend] [           main] c.m.backend.config.CargaInicial          : Opción: Fémur | Correcta en JSON: true
2025-07-21T18:40:30.755-05:00  INFO 27924 --- [backend] [           main] c.m.backend.config.CargaInicial          : Opción: Húmero | Correcta en JSON: false
2025-07-21T18:40:30.756-05:00  INFO 27924 --- [backend] [           main] c.m.backend.config.CargaInicial          : 
Pregunta: ¿En qué continente se encuentra Egipto?
2025-07-21T18:40:30.756-05:00  INFO 27924 --- [backend] [           main] c.m.backend.config.CargaInicial          : Opción: Asia | Correcta en JSON: false
2025-07-21T18:40:30.756-05:00  INFO 27924 --- [backend] [           main] c.m.backend.config.CargaInicial          : Opción: África | Correcta en JSON: true
2025-07-21T18:40:30.756-05:00  INFO 27924 --- [backend] [           main] c.m.backend.config.CargaInicial          : Opción: Europa | Correcta en JSON: false
2025-07-21T18:40:30.756-05:00  INFO 27924 --- [backend] [           main] c.m.backend.config.CargaInicial          : Opción: América | Correcta en JSON: false
2025-07-21T18:40:30.756-05:00  INFO 27924 --- [backend] [           main] c.m.backend.config.CargaInicial          : 
Pregunta: ¿Cuál es el idioma más hablado del mundo?
2025-07-21T18:40:30.756-05:00  INFO 27924 --- [backend] [           main] c.m.backend.config.CargaInicial          : Opción: Inglés | Correcta en JSON: false
2025-07-21T18:40:30.756-05:00  INFO 27924 --- [backend] [           main] c.m.backend.config.CargaInicial          : Opción: Español | Correcta en JSON: false
2025-07-21T18:40:30.756-05:00  INFO 27924 --- [backend] [           main] c.m.backend.config.CargaInicial          : Opción: Hindi | Correcta en JSON: false
2025-07-21T18:40:30.756-05:00  INFO 27924 --- [backend] [           main] c.m.backend.config.CargaInicial          : Opción: Chino mandarín | Correcta en JSON: true
2025-07-21T18:40:30.757-05:00  INFO 27924 --- [backend] [           main] c.m.backend.config.CargaInicial          : 
Pregunta: ¿Qué planeta tiene anillos visibles desde la Tierra?
2025-07-21T18:40:30.757-05:00  INFO 27924 --- [backend] [           main] c.m.backend.config.CargaInicial          : Opción: Júpiter | Correcta en JSON: false
2025-07-21T18:40:30.757-05:00  INFO 27924 --- [backend] [           main] c.m.backend.config.CargaInicial          : Opción: Saturno | Correcta en JSON: true
2025-07-21T18:40:30.757-05:00  INFO 27924 --- [backend] [           main] c.m.backend.config.CargaInicial          : Opción: Urano | Correcta en JSON: false
2025-07-21T18:40:30.758-05:00  INFO 27924 --- [backend] [           main] c.m.backend.config.CargaInicial          : Opción: Neptuno | Correcta en JSON: false
2025-07-21T18:40:30.758-05:00  INFO 27924 --- [backend] [           main] c.m.backend.config.CargaInicial          : 
Pregunta: ¿Quién fue el primer presidente de Estados Unidos?
2025-07-21T18:40:30.758-05:00  INFO 27924 --- [backend] [           main] c.m.backend.config.CargaInicial          : Opción: Thomas Jefferson | Correcta en JSON: false
2025-07-21T18:40:30.758-05:00  INFO 27924 --- [backend] [           main] c.m.backend.config.CargaInicial          : Opción: Abraham Lincoln | Correcta en JSON: false
2025-07-21T18:40:30.758-05:00  INFO 27924 --- [backend] [           main] c.m.backend.config.CargaInicial          : Opción: George Washington | Correcta en JSON: true
2025-07-21T18:40:30.758-05:00  INFO 27924 --- [backend] [           main] c.m.backend.config.CargaInicial          : Opción: John Adams | Correcta en JSON: false
2025-07-21T18:40:30.758-05:00  INFO 27924 --- [backend] [           main] c.m.backend.config.CargaInicial          : 
Pregunta: ¿Cuál es el animal más grande del mundo?
2025-07-21T18:40:30.758-05:00  INFO 27924 --- [backend] [           main] c.m.backend.config.CargaInicial          : Opción: Elefante africano | Correcta en JSON: false
2025-07-21T18:40:30.759-05:00  INFO 27924 --- [backend] [           main] c.m.backend.config.CargaInicial          : Opción: Ballena azul | Correcta en JSON: true
2025-07-21T18:40:30.759-05:00  INFO 27924 --- [backend] [           main] c.m.backend.config.CargaInicial          : Opción: Tiburón ballena | Correcta en JSON: false
2025-07-21T18:40:30.759-05:00  INFO 27924 --- [backend] [           main] c.m.backend.config.CargaInicial          : Opción: Jirafa | Correcta en JSON: false
2025-07-21T18:40:30.759-05:00  INFO 27924 --- [backend] [           main] c.m.backend.config.CargaInicial          : 
Pregunta: ¿Qué elemento químico tiene el símbolo 'O'?
2025-07-21T18:40:30.759-05:00  INFO 27924 --- [backend] [           main] c.m.backend.config.CargaInicial          : Opción: Oro | Correcta en JSON: false
2025-07-21T18:40:30.759-05:00  INFO 27924 --- [backend] [           main] c.m.backend.config.CargaInicial          : Opción: Osmio | Correcta en JSON: false
2025-07-21T18:40:30.759-05:00  INFO 27924 --- [backend] [           main] c.m.backend.config.CargaInicial          : Opción: Oxígeno | Correcta en JSON: true
2025-07-21T18:40:30.759-05:00  INFO 27924 --- [backend] [           main] c.m.backend.config.CargaInicial          : Opción: Oganesón | Correcta en JSON: false
2025-07-21T18:40:30.759-05:00  INFO 27924 --- [backend] [           main] c.m.backend.config.CargaInicial          : 
Pregunta: ¿En qué país se originó el sushi?
2025-07-21T18:40:30.759-05:00  INFO 27924 --- [backend] [           main] c.m.backend.config.CargaInicial          : Opción: China | Correcta en JSON: false
2025-07-21T18:40:30.759-05:00  INFO 27924 --- [backend] [           main] c.m.backend.config.CargaInicial          : Opción: Corea del Sur | Correcta en JSON: false
2025-07-21T18:40:30.759-05:00  INFO 27924 --- [backend] [           main] c.m.backend.config.CargaInicial          : Opción: Japón | Correcta en JSON: true
2025-07-21T18:40:30.759-05:00  INFO 27924 --- [backend] [           main] c.m.backend.config.CargaInicial          : Opción: Tailandia | Correcta en JSON: false
2025-07-21T18:40:30.760-05:00  INFO 27924 --- [backend] [           main] c.m.backend.config.CargaInicial          : 
Pregunta: ¿Cuántos colores tiene el arcoíris?
2025-07-21T18:40:30.760-05:00  INFO 27924 --- [backend] [           main] c.m.backend.config.CargaInicial          : Opción: 5 | Correcta en JSON: false
2025-07-21T18:40:30.760-05:00  INFO 27924 --- [backend] [           main] c.m.backend.config.CargaInicial          : Opción: 6 | Correcta en JSON: false
2025-07-21T18:40:30.760-05:00  INFO 27924 --- [backend] [           main] c.m.backend.config.CargaInicial          : Opción: 7 | Correcta en JSON: true
2025-07-21T18:40:30.760-05:00  INFO 27924 --- [backend] [           main] c.m.backend.config.CargaInicial          : Opción: 8 | Correcta en JSON: false
2025-07-21T18:40:30.760-05:00  INFO 27924 --- [backend] [           main] c.m.backend.config.CargaInicial          : 
Pregunta: ¿Qué instrumento musical tiene 88 teclas?
2025-07-21T18:40:30.760-05:00  INFO 27924 --- [backend] [           main] c.m.backend.config.CargaInicial          : Opción: Órgano | Correcta en JSON: false
2025-07-21T18:40:30.760-05:00  INFO 27924 --- [backend] [           main] c.m.backend.config.CargaInicial          : Opción: Piano | Correcta en JSON: true
2025-07-21T18:40:30.760-05:00  INFO 27924 --- [backend] [           main] c.m.backend.config.CargaInicial          : Opción: Sintetizador | Correcta en JSON: false
2025-07-21T18:40:30.760-05:00  INFO 27924 --- [backend] [           main] c.m.backend.config.CargaInicial          : Opción: Clavicordio | Correcta en JSON: false
2025-07-21T18:40:30.760-05:00  INFO 27924 --- [backend] [           main] c.m.backend.config.CargaInicial          : 
Pregunta: ¿En qué ciudad se encuentra la Torre Eiffel?
2025-07-21T18:40:30.760-05:00  INFO 27924 --- [backend] [           main] c.m.backend.config.CargaInicial          : Opción: Londres | Correcta en JSON: false
2025-07-21T18:40:30.760-05:00  INFO 27924 --- [backend] [           main] c.m.backend.config.CargaInicial          : Opción: Roma | Correcta en JSON: false
2025-07-21T18:40:30.761-05:00  INFO 27924 --- [backend] [           main] c.m.backend.config.CargaInicial          : Opción: París | Correcta en JSON: true
2025-07-21T18:40:30.761-05:00  INFO 27924 --- [backend] [           main] c.m.backend.config.CargaInicial          : Opción: Berlín | Correcta en JSON: false
2025-07-21T18:40:30.761-05:00  INFO 27924 --- [backend] [           main] c.m.backend.config.CargaInicial          : 
Pregunta: ¿Cuál es el libro más vendido de la historia?
2025-07-21T18:40:30.761-05:00  INFO 27924 --- [backend] [           main] c.m.backend.config.CargaInicial          : Opción: Don Quijote de la Mancha | Correcta en JSON: false
2025-07-21T18:40:30.761-05:00  INFO 27924 --- [backend] [           main] c.m.backend.config.CargaInicial          : Opción: Historia de dos ciudades | Correcta en JSON: false
2025-07-21T18:40:30.761-05:00  INFO 27924 --- [backend] [           main] c.m.backend.config.CargaInicial          : Opción: La Biblia | Correcta en JSON: true
2025-07-21T18:40:30.761-05:00  INFO 27924 --- [backend] [           main] c.m.backend.config.CargaInicial          : Opción: El Señor de los Anillos | Correcta en JSON: false
2025-07-21T18:40:30.761-05:00  INFO 27924 --- [backend] [           main] c.m.backend.config.CargaInicial          : 
Pregunta: ¿Qué deporte se juega en Wimbledon?
2025-07-21T18:40:30.761-05:00  INFO 27924 --- [backend] [           main] c.m.backend.config.CargaInicial          : Opción: Golf | Correcta en JSON: false
2025-07-21T18:40:30.761-05:00  INFO 27924 --- [backend] [           main] c.m.backend.config.CargaInicial          : Opción: Fútbol | Correcta en JSON: false
2025-07-21T18:40:30.762-05:00  INFO 27924 --- [backend] [           main] c.m.backend.config.CargaInicial          : Opción: Tenis | Correcta en JSON: true
2025-07-21T18:40:30.762-05:00  INFO 27924 --- [backend] [           main] c.m.backend.config.CargaInicial          : Opción: Críquet | Correcta en JSON: false
2025-07-21T18:40:30.762-05:00  INFO 27924 --- [backend] [           main] c.m.backend.config.CargaInicial          : Preguntas cargadas correctamente.
]]></system-out>
  </testcase>
</testsuite>